[debug] [2023-05-31T09:02:21.834Z] ----------------------------------------------------------------------
[debug] [2023-05-31T09:02:21.837Z] Command:       C:\Program Files\nodejs\node.exe C:\Program Files\nodejs\node_modules\firebase-tools\lib\bin\firebase.js init
[debug] [2023-05-31T09:02:21.837Z] CLI Version:   12.2.1
[debug] [2023-05-31T09:02:21.838Z] Platform:      win32
[debug] [2023-05-31T09:02:21.838Z] Node Version:  v18.15.0
[debug] [2023-05-31T09:02:21.840Z] Time:          Wed May 31 2023 12:02:21 GMT+0300 (East Africa Time)
[debug] [2023-05-31T09:02:21.840Z] ----------------------------------------------------------------------
[debug] 
[debug] [2023-05-31T09:02:21.851Z] > command requires scopes: ["email","openid","https://www.googleapis.com/auth/cloudplatformprojects.readonly","https://www.googleapis.com/auth/firebase","https://www.googleapis.com/auth/cloud-platform"]
[debug] [2023-05-31T09:02:21.851Z] > authorizing via signed-in user (samuelbahiru93@gmail.com)
[info] 
     ######## #### ########  ######## ########     ###     ######  ########
     ##        ##  ##     ## ##       ##     ##  ##   ##  ##       ##
     ######    ##  ########  ######   ########  #########  ######  ######
     ##        ##  ##    ##  ##       ##     ## ##     ##       ## ##
     ##       #### ##     ## ######## ########  ##     ##  ######  ########

You're about to initialize a Firebase project in this directory:

  C:\Users\samue.TRIAPC-2\OneDrive\Desktop\Drum Machine\drummachine

[info] 
=== Project Setup
[info] 
[info] First, let's associate this project directory with a Firebase project.
[info] You can create multiple project aliases by running firebase use --add, 
[info] but for now we'll just set up a default project.
[info] 
[debug] [2023-05-31T09:02:27.011Z] >>> [apiv2][query] GET https://firebase.googleapis.com/v1beta1/projects pageSize=100
[debug] [2023-05-31T09:02:28.159Z] <<< [apiv2][status] GET https://firebase.googleapis.com/v1beta1/projects 200
[debug] [2023-05-31T09:02:28.160Z] <<< [apiv2][body] GET https://firebase.googleapis.com/v1beta1/projects [omitted]
